{"/Users/vaishnavijupudi/Documents/ReactWorkshop/src/components/Body.js": {"path":"/Users/vaishnavijupudi/Documents/ReactWorkshop/src/components/Body.js","statementMap":{"0":{"start":{"line":10,"column":13},"end":{"line":80,"column":1}},"1":{"start":{"line":11,"column":52},"end":{"line":11,"column":64}},"2":{"start":{"line":12,"column":55},"end":{"line":12,"column":67}},"3":{"start":{"line":13,"column":38},"end":{"line":13,"column":50}},"4":{"start":{"line":15,"column":37},"end":{"line":15,"column":60}},"5":{"start":{"line":18,"column":33},"end":{"line":18,"column":64}},"6":{"start":{"line":20,"column":2},"end":{"line":23,"column":8}},"7":{"start":{"line":21,"column":4},"end":{"line":21,"column":31}},"8":{"start":{"line":22,"column":4},"end":{"line":22,"column":16}},"9":{"start":{"line":25,"column":20},"end":{"line":32,"column":3}},"10":{"start":{"line":26,"column":17},"end":{"line":26,"column":188}},"11":{"start":{"line":27,"column":17},"end":{"line":27,"column":34}},"12":{"start":{"line":28,"column":4},"end":{"line":28,"column":27}},"13":{"start":{"line":29,"column":4},"end":{"line":29,"column":27}},"14":{"start":{"line":30,"column":4},"end":{"line":30,"column":100}},"15":{"start":{"line":31,"column":4},"end":{"line":31,"column":102}},"16":{"start":{"line":34,"column":23},"end":{"line":34,"column":40}},"17":{"start":{"line":35,"column":2},"end":{"line":35,"column":33}},"18":{"start":{"line":36,"column":2},"end":{"line":43,"column":3}},"19":{"start":{"line":37,"column":4},"end":{"line":41,"column":5}},"20":{"start":{"line":45,"column":2},"end":{"line":78,"column":3}},"21":{"start":{"line":49,"column":137},"end":{"line":49,"column":166}},"22":{"start":{"line":51,"column":29},"end":{"line":51,"column":144}},"23":{"start":{"line":51,"column":71},"end":{"line":51,"column":141}},"24":{"start":{"line":52,"column":12},"end":{"line":52,"column":45}},"25":{"start":{"line":57,"column":31},"end":{"line":57,"column":85}},"26":{"start":{"line":57,"column":64},"end":{"line":57,"column":84}},"27":{"start":{"line":58,"column":10},"end":{"line":58,"column":44}},"28":{"start":{"line":63,"column":111},"end":{"line":63,"column":138}},"29":{"start":{"line":69,"column":12},"end":{"line":74,"column":19}}},"fnMap":{"0":{"name":"(anonymous_0)","decl":{"start":{"line":10,"column":13},"end":{"line":10,"column":14}},"loc":{"start":{"line":10,"column":19},"end":{"line":80,"column":1}},"line":10},"1":{"name":"(anonymous_1)","decl":{"start":{"line":20,"column":12},"end":{"line":20,"column":13}},"loc":{"start":{"line":20,"column":17},"end":{"line":23,"column":3}},"line":20},"2":{"name":"(anonymous_2)","decl":{"start":{"line":25,"column":20},"end":{"line":25,"column":21}},"loc":{"start":{"line":25,"column":31},"end":{"line":32,"column":3}},"line":25},"3":{"name":"(anonymous_3)","decl":{"start":{"line":49,"column":131},"end":{"line":49,"column":132}},"loc":{"start":{"line":49,"column":136},"end":{"line":49,"column":167}},"line":49},"4":{"name":"(anonymous_4)","decl":{"start":{"line":50,"column":74},"end":{"line":50,"column":75}},"loc":{"start":{"line":50,"column":79},"end":{"line":53,"column":11}},"line":50},"5":{"name":"(anonymous_5)","decl":{"start":{"line":51,"column":54},"end":{"line":51,"column":55}},"loc":{"start":{"line":51,"column":71},"end":{"line":51,"column":141}},"line":51},"6":{"name":"(anonymous_6)","decl":{"start":{"line":56,"column":68},"end":{"line":56,"column":69}},"loc":{"start":{"line":56,"column":72},"end":{"line":59,"column":9}},"line":56},"7":{"name":"(anonymous_7)","decl":{"start":{"line":57,"column":56},"end":{"line":57,"column":57}},"loc":{"start":{"line":57,"column":64},"end":{"line":57,"column":84}},"line":57},"8":{"name":"(anonymous_8)","decl":{"start":{"line":63,"column":105},"end":{"line":63,"column":106}},"loc":{"start":{"line":63,"column":110},"end":{"line":63,"column":139}},"line":63},"9":{"name":"(anonymous_9)","decl":{"start":{"line":68,"column":34},"end":{"line":68,"column":35}},"loc":{"start":{"line":69,"column":12},"end":{"line":74,"column":19}},"line":69}},"branchMap":{"0":{"loc":{"start":{"line":36,"column":2},"end":{"line":43,"column":3}},"type":"if","locations":[{"start":{"line":36,"column":2},"end":{"line":43,"column":3}},{"start":{},"end":{}}],"line":36},"1":{"loc":{"start":{"line":45,"column":9},"end":{"line":78,"column":3}},"type":"cond-expr","locations":[{"start":{"line":45,"column":44},"end":{"line":45,"column":55}},{"start":{"line":46,"column":4},"end":{"line":77,"column":10}}],"line":45},"2":{"loc":{"start":{"line":71,"column":16},"end":{"line":71,"column":137}},"type":"cond-expr","locations":[{"start":{"line":71,"column":40},"end":{"line":71,"column":91}},{"start":{"line":71,"column":93},"end":{"line":71,"column":137}}],"line":71}},"s":{"0":1,"1":3,"2":3,"3":3,"4":3,"5":3,"6":3,"7":1,"8":1,"9":3,"10":1,"11":1,"12":1,"13":1,"14":1,"15":1,"16":3,"17":3,"18":3,"19":0,"20":3,"21":0,"22":1,"23":9,"24":1,"25":0,"26":0,"27":0,"28":0,"29":18},"f":{"0":3,"1":1,"2":1,"3":0,"4":1,"5":9,"6":0,"7":0,"8":0,"9":18},"b":{"0":[0,3],"1":[1,2],"2":[18,0]},"_coverageSchema":"1a1c01bbd47fc00a2c39e90264f33305004495a9","hash":"012319ffdd2ecdca39ba8812e6f752b5febf82ea"}
,"/Users/vaishnavijupudi/Documents/ReactWorkshop/src/components/Contact.js": {"path":"/Users/vaishnavijupudi/Documents/ReactWorkshop/src/components/Contact.js","statementMap":{"0":{"start":{"line":3,"column":16},"end":{"line":14,"column":1}},"1":{"start":{"line":4,"column":2},"end":{"line":13,"column":3}}},"fnMap":{"0":{"name":"(anonymous_0)","decl":{"start":{"line":3,"column":16},"end":{"line":3,"column":17}},"loc":{"start":{"line":3,"column":22},"end":{"line":14,"column":1}},"line":3}},"branchMap":{},"s":{"0":1,"1":4},"f":{"0":4},"b":{},"_coverageSchema":"1a1c01bbd47fc00a2c39e90264f33305004495a9","hash":"f1dd2eefbb5ce159a698c0b316f1189d20c16aa7"}
,"/Users/vaishnavijupudi/Documents/ReactWorkshop/src/components/Header.js": {"path":"/Users/vaishnavijupudi/Documents/ReactWorkshop/src/components/Header.js","statementMap":{"0":{"start":{"line":9,"column":15},"end":{"line":53,"column":1}},"1":{"start":{"line":10,"column":34},"end":{"line":10,"column":51}},"2":{"start":{"line":11,"column":25},"end":{"line":11,"column":42}},"3":{"start":{"line":13,"column":17},"end":{"line":13,"column":40}},"4":{"start":{"line":16,"column":22},"end":{"line":16,"column":61}},"5":{"start":{"line":16,"column":44},"end":{"line":16,"column":60}},"6":{"start":{"line":17,"column":4},"end":{"line":52,"column":5}},"7":{"start":{"line":47,"column":12},"end":{"line":47,"column":75}}},"fnMap":{"0":{"name":"(anonymous_0)","decl":{"start":{"line":9,"column":15},"end":{"line":9,"column":16}},"loc":{"start":{"line":9,"column":21},"end":{"line":53,"column":1}},"line":9},"1":{"name":"(anonymous_1)","decl":{"start":{"line":16,"column":34},"end":{"line":16,"column":35}},"loc":{"start":{"line":16,"column":44},"end":{"line":16,"column":60}},"line":16},"2":{"name":"(anonymous_2)","decl":{"start":{"line":46,"column":45},"end":{"line":46,"column":46}},"loc":{"start":{"line":46,"column":50},"end":{"line":48,"column":11}},"line":46}},"branchMap":{"0":{"loc":{"start":{"line":25,"column":28},"end":{"line":25,"column":51}},"type":"cond-expr","locations":[{"start":{"line":25,"column":42},"end":{"line":25,"column":46}},{"start":{"line":25,"column":47},"end":{"line":25,"column":51}}],"line":25},"1":{"loc":{"start":{"line":47,"column":12},"end":{"line":47,"column":75}},"type":"cond-expr","locations":[{"start":{"line":47,"column":33},"end":{"line":47,"column":53}},{"start":{"line":47,"column":56},"end":{"line":47,"column":75}}],"line":47}},"s":{"0":1,"1":4,"2":4,"3":4,"4":4,"5":7,"6":4,"7":1},"f":{"0":4,"1":7,"2":1},"b":{"0":[4,0],"1":[1,0]},"_coverageSchema":"1a1c01bbd47fc00a2c39e90264f33305004495a9","hash":"c16f899907883015b8a98c23e25ac3d3811ed70c"}
,"/Users/vaishnavijupudi/Documents/ReactWorkshop/src/components/RestaurantCard.js": {"path":"/Users/vaishnavijupudi/Documents/ReactWorkshop/src/components/RestaurantCard.js","statementMap":{"0":{"start":{"line":3,"column":23},"end":{"line":16,"column":1}},"1":{"start":{"line":4,"column":22},"end":{"line":4,"column":27}},"2":{"start":{"line":5,"column":75},"end":{"line":5,"column":82}},"3":{"start":{"line":6,"column":4},"end":{"line":15,"column":5}},"4":{"start":{"line":19,"column":31},"end":{"line":28,"column":1}},"5":{"start":{"line":20,"column":2},"end":{"line":27,"column":3}},"6":{"start":{"line":21,"column":4},"end":{"line":26,"column":5}}},"fnMap":{"0":{"name":"(anonymous_0)","decl":{"start":{"line":3,"column":23},"end":{"line":3,"column":24}},"loc":{"start":{"line":3,"column":33},"end":{"line":16,"column":1}},"line":3},"1":{"name":"(anonymous_1)","decl":{"start":{"line":19,"column":31},"end":{"line":19,"column":32}},"loc":{"start":{"line":19,"column":50},"end":{"line":28,"column":1}},"line":19},"2":{"name":"(anonymous_2)","decl":{"start":{"line":20,"column":9},"end":{"line":20,"column":10}},"loc":{"start":{"line":20,"column":19},"end":{"line":27,"column":3}},"line":20}},"branchMap":{},"s":{"0":2,"1":19,"2":19,"3":19,"4":2,"5":3,"6":18},"f":{"0":19,"1":3,"2":18},"b":{},"_coverageSchema":"1a1c01bbd47fc00a2c39e90264f33305004495a9","hash":"4c92f2b7fa89e2ad30a0014e6589f878cecbd0f1"}
,"/Users/vaishnavijupudi/Documents/ReactWorkshop/src/components/Shimmer.js": {"path":"/Users/vaishnavijupudi/Documents/ReactWorkshop/src/components/Shimmer.js","statementMap":{"0":{"start":{"line":1,"column":16},"end":{"line":12,"column":1}},"1":{"start":{"line":2,"column":2},"end":{"line":11,"column":3}}},"fnMap":{"0":{"name":"(anonymous_0)","decl":{"start":{"line":1,"column":16},"end":{"line":1,"column":17}},"loc":{"start":{"line":1,"column":22},"end":{"line":12,"column":1}},"line":1}},"branchMap":{},"s":{"0":1,"1":1},"f":{"0":1},"b":{},"_coverageSchema":"1a1c01bbd47fc00a2c39e90264f33305004495a9","hash":"a918131caa5e428ce46ecf75b3f9e8820b030c11"}
,"/Users/vaishnavijupudi/Documents/ReactWorkshop/src/utils/UserContext.js": {"path":"/Users/vaishnavijupudi/Documents/ReactWorkshop/src/utils/UserContext.js","statementMap":{"0":{"start":{"line":3,"column":20},"end":{"line":5,"column":2}}},"fnMap":{},"branchMap":{},"s":{"0":2},"f":{},"b":{},"_coverageSchema":"1a1c01bbd47fc00a2c39e90264f33305004495a9","hash":"df9556f94ccbc90940656d72a21365a601d380e2"}
,"/Users/vaishnavijupudi/Documents/ReactWorkshop/src/utils/appStore.js": {"path":"/Users/vaishnavijupudi/Documents/ReactWorkshop/src/utils/appStore.js","statementMap":{"0":{"start":{"line":4,"column":17},"end":{"line":8,"column":2}}},"fnMap":{},"branchMap":{},"s":{"0":1},"f":{},"b":{},"_coverageSchema":"1a1c01bbd47fc00a2c39e90264f33305004495a9","hash":"bfc8c8e8799912d201355f1eaf648fccf8459704"}
,"/Users/vaishnavijupudi/Documents/ReactWorkshop/src/utils/cartSlice.js": {"path":"/Users/vaishnavijupudi/Documents/ReactWorkshop/src/utils/cartSlice.js","statementMap":{"0":{"start":{"line":3,"column":18},"end":{"line":19,"column":2}},"1":{"start":{"line":10,"column":12},"end":{"line":10,"column":44}},"2":{"start":{"line":13,"column":12},"end":{"line":13,"column":29}},"3":{"start":{"line":16,"column":12},"end":{"line":16,"column":33}},"4":{"start":{"line":20,"column":47},"end":{"line":20,"column":64}}},"fnMap":{"0":{"name":"(anonymous_0)","decl":{"start":{"line":9,"column":16},"end":{"line":9,"column":17}},"loc":{"start":{"line":9,"column":34},"end":{"line":11,"column":9}},"line":9},"1":{"name":"(anonymous_1)","decl":{"start":{"line":12,"column":20},"end":{"line":12,"column":21}},"loc":{"start":{"line":12,"column":38},"end":{"line":14,"column":9}},"line":12},"2":{"name":"(anonymous_2)","decl":{"start":{"line":15,"column":19},"end":{"line":15,"column":20}},"loc":{"start":{"line":15,"column":37},"end":{"line":17,"column":9}},"line":15}},"branchMap":{},"s":{"0":1,"1":0,"2":0,"3":0,"4":1},"f":{"0":0,"1":0,"2":0},"b":{},"_coverageSchema":"1a1c01bbd47fc00a2c39e90264f33305004495a9","hash":"a2004417d698819a9f52a028a908129fa48b5683"}
,"/Users/vaishnavijupudi/Documents/ReactWorkshop/src/utils/constants.js": {"path":"/Users/vaishnavijupudi/Documents/ReactWorkshop/src/utils/constants.js","statementMap":{"0":{"start":{"line":1,"column":23},"end":{"line":1,"column":119}},"1":{"start":{"line":3,"column":25},"end":{"line":3,"column":97}},"2":{"start":{"line":5,"column":37},"end":{"line":5,"column":158}},"3":{"start":{"line":7,"column":37},"end":{"line":7,"column":94}}},"fnMap":{},"branchMap":{},"s":{"0":3,"1":3,"2":3,"3":3},"f":{},"b":{},"_coverageSchema":"1a1c01bbd47fc00a2c39e90264f33305004495a9","hash":"1d51e9d99b442937d445f6044925750cf9346e95"}
,"/Users/vaishnavijupudi/Documents/ReactWorkshop/src/utils/useOnlineStatus.js": {"path":"/Users/vaishnavijupudi/Documents/ReactWorkshop/src/utils/useOnlineStatus.js","statementMap":{"0":{"start":{"line":3,"column":24},"end":{"line":16,"column":1}},"1":{"start":{"line":4,"column":43},"end":{"line":4,"column":57}},"2":{"start":{"line":5,"column":4},"end":{"line":9,"column":9}},"3":{"start":{"line":6,"column":8},"end":{"line":8,"column":10}},"4":{"start":{"line":7,"column":12},"end":{"line":7,"column":34}},"5":{"start":{"line":10,"column":4},"end":{"line":14,"column":9}},"6":{"start":{"line":11,"column":8},"end":{"line":13,"column":10}},"7":{"start":{"line":12,"column":12},"end":{"line":12,"column":33}},"8":{"start":{"line":15,"column":4},"end":{"line":15,"column":23}}},"fnMap":{"0":{"name":"(anonymous_0)","decl":{"start":{"line":3,"column":24},"end":{"line":3,"column":25}},"loc":{"start":{"line":3,"column":29},"end":{"line":16,"column":1}},"line":3},"1":{"name":"(anonymous_1)","decl":{"start":{"line":5,"column":14},"end":{"line":5,"column":15}},"loc":{"start":{"line":5,"column":19},"end":{"line":9,"column":5}},"line":5},"2":{"name":"(anonymous_2)","decl":{"start":{"line":6,"column":43},"end":{"line":6,"column":44}},"loc":{"start":{"line":6,"column":47},"end":{"line":8,"column":9}},"line":6},"3":{"name":"(anonymous_3)","decl":{"start":{"line":10,"column":14},"end":{"line":10,"column":15}},"loc":{"start":{"line":10,"column":19},"end":{"line":14,"column":5}},"line":10},"4":{"name":"(anonymous_4)","decl":{"start":{"line":11,"column":42},"end":{"line":11,"column":43}},"loc":{"start":{"line":11,"column":46},"end":{"line":13,"column":9}},"line":11}},"branchMap":{},"s":{"0":2,"1":7,"2":7,"3":4,"4":0,"5":7,"6":4,"7":0,"8":7},"f":{"0":7,"1":4,"2":0,"3":4,"4":0},"b":{},"_coverageSchema":"1a1c01bbd47fc00a2c39e90264f33305004495a9","hash":"c7c1cc5f84f2f4c6cd08130c60928969bcc69331"}
}
