TN:
SF:src/components/Body.js
FN:10,(anonymous_0)
FN:20,(anonymous_1)
FN:25,(anonymous_2)
FN:49,(anonymous_3)
FN:50,(anonymous_4)
FN:51,(anonymous_5)
FN:56,(anonymous_6)
FN:57,(anonymous_7)
FN:63,(anonymous_8)
FN:68,(anonymous_9)
FNF:10
FNH:6
FNDA:3,(anonymous_0)
FNDA:1,(anonymous_1)
FNDA:1,(anonymous_2)
FNDA:0,(anonymous_3)
FNDA:1,(anonymous_4)
FNDA:9,(anonymous_5)
FNDA:0,(anonymous_6)
FNDA:0,(anonymous_7)
FNDA:0,(anonymous_8)
FNDA:18,(anonymous_9)
DA:10,1
DA:11,3
DA:12,3
DA:13,3
DA:15,3
DA:18,3
DA:20,3
DA:21,1
DA:22,1
DA:25,3
DA:26,1
DA:27,1
DA:28,1
DA:29,1
DA:30,1
DA:31,1
DA:34,3
DA:35,3
DA:36,3
DA:37,0
DA:45,3
DA:49,0
DA:51,9
DA:52,1
DA:57,0
DA:58,0
DA:63,0
DA:69,18
LF:28
LH:23
BRDA:36,0,0,0
BRDA:36,0,1,3
BRDA:45,1,0,1
BRDA:45,1,1,2
BRDA:71,2,0,18
BRDA:71,2,1,0
BRF:6
BRH:4
end_of_record
TN:
SF:src/components/Contact.js
FN:3,(anonymous_0)
FNF:1
FNH:1
FNDA:4,(anonymous_0)
DA:3,1
DA:4,4
LF:2
LH:2
BRF:0
BRH:0
end_of_record
TN:
SF:src/components/Header.js
FN:9,(anonymous_0)
FN:16,(anonymous_1)
FN:46,(anonymous_2)
FNF:3
FNH:3
FNDA:4,(anonymous_0)
FNDA:7,(anonymous_1)
FNDA:1,(anonymous_2)
DA:9,1
DA:10,4
DA:11,4
DA:13,4
DA:16,7
DA:17,4
DA:47,1
LF:7
LH:7
BRDA:25,0,0,4
BRDA:25,0,1,0
BRDA:47,1,0,1
BRDA:47,1,1,0
BRF:4
BRH:2
end_of_record
TN:
SF:src/components/RestaurantCard.js
FN:3,(anonymous_0)
FN:19,(anonymous_1)
FN:20,(anonymous_2)
FNF:3
FNH:3
FNDA:19,(anonymous_0)
FNDA:3,(anonymous_1)
FNDA:18,(anonymous_2)
DA:3,2
DA:4,19
DA:5,19
DA:6,19
DA:19,2
DA:20,3
DA:21,18
LF:7
LH:7
BRF:0
BRH:0
end_of_record
TN:
SF:src/components/Shimmer.js
FN:1,(anonymous_0)
FNF:1
FNH:1
FNDA:1,(anonymous_0)
DA:1,1
DA:2,1
LF:2
LH:2
BRF:0
BRH:0
end_of_record
TN:
SF:src/utils/UserContext.js
FNF:0
FNH:0
DA:3,2
LF:1
LH:1
BRF:0
BRH:0
end_of_record
TN:
SF:src/utils/appStore.js
FNF:0
FNH:0
DA:4,1
LF:1
LH:1
BRF:0
BRH:0
end_of_record
TN:
SF:src/utils/cartSlice.js
FN:9,(anonymous_0)
FN:12,(anonymous_1)
FN:15,(anonymous_2)
FNF:3
FNH:0
FNDA:0,(anonymous_0)
FNDA:0,(anonymous_1)
FNDA:0,(anonymous_2)
DA:3,1
DA:10,0
DA:13,0
DA:16,0
DA:20,1
LF:5
LH:2
BRF:0
BRH:0
end_of_record
TN:
SF:src/utils/constants.js
FNF:0
FNH:0
DA:1,3
DA:3,3
DA:5,3
DA:7,3
LF:4
LH:4
BRF:0
BRH:0
end_of_record
TN:
SF:src/utils/useOnlineStatus.js
FN:3,(anonymous_0)
FN:5,(anonymous_1)
FN:6,(anonymous_2)
FN:10,(anonymous_3)
FN:11,(anonymous_4)
FNF:5
FNH:3
FNDA:7,(anonymous_0)
FNDA:4,(anonymous_1)
FNDA:0,(anonymous_2)
FNDA:4,(anonymous_3)
FNDA:0,(anonymous_4)
DA:3,2
DA:4,7
DA:5,7
DA:6,4
DA:7,0
DA:10,7
DA:11,4
DA:12,0
DA:15,7
LF:9
LH:7
BRF:0
BRH:0
end_of_record
